TN:
SF:src/dividir.js
FN:1,(anonymous_0)
FNF:1
FNH:1
FNDA:5,(anonymous_0)
DA:1,1
DA:2,5
DA:3,1
DA:5,4
DA:6,1
DA:8,3
DA:9,1
DA:11,2
DA:14,1
LF:9
LH:9
BRDA:2,0,0,1
BRDA:2,0,1,4
BRDA:5,1,0,1
BRDA:5,1,1,3
BRDA:8,2,0,1
BRDA:8,2,1,2
BRF:6
BRH:6
end_of_record
TN:
SF:src/isPalindrome.js
FN:1,(anonymous_0)
FNF:1
FNH:1
FNDA:4,(anonymous_0)
DA:1,1
DA:2,4
DA:3,2
DA:5,2
DA:8,1
LF:5
LH:5
BRDA:2,0,0,2
BRDA:2,0,1,2
BRF:2
BRH:2
end_of_record
TN:
SF:src/multiplicar.js
FN:1,(anonymous_0)
FNF:1
FNH:1
FNDA:5,(anonymous_0)
DA:1,1
DA:2,5
DA:3,2
DA:5,3
DA:6,1
DA:8,2
DA:11,1
LF:7
LH:7
BRDA:2,0,0,2
BRDA:2,0,1,3
BRDA:5,1,0,1
BRDA:5,1,1,2
BRF:4
BRH:4
end_of_record
TN:
SF:src/restar.js
FN:1,(anonymous_0)
FNF:1
FNH:1
FNDA:4,(anonymous_0)
DA:1,1
DA:2,4
DA:3,2
DA:5,2
DA:6,1
DA:8,1
DA:11,1
LF:7
LH:7
BRDA:2,0,0,2
BRDA:2,0,1,2
BRDA:5,1,0,1
BRDA:5,1,1,1
BRF:4
BRH:4
end_of_record
TN:
SF:src/sumar.js
FN:1,(anonymous_0)
FNF:1
FNH:1
FNDA:4,(anonymous_0)
DA:1,1
DA:2,4
DA:3,2
DA:5,2
DA:6,1
DA:8,1
DA:11,1
LF:7
LH:7
BRDA:2,0,0,2
BRDA:2,0,1,2
BRDA:5,1,0,1
BRDA:5,1,1,1
BRF:4
BRH:4
end_of_record
